2018/11/27 09:32:24 - fact_incidencia - Loading transformation from XML file [file:///C:/Users/usuario/Documents/GitHub/rpcc-dw/transformaciones/fact_incidencias_load.ktr]
2018/11/27 09:32:24 - fact_incidencia - Using run configuration [Pentaho local]
2018/11/27 09:32:24 - fact_incidencia - Using legacy execution engine
2018/11/27 09:32:24 - fact_incidencias_load - Dispatching started for transformation [fact_incidencias_load]
2018/11/27 09:32:39 - join_perfil_incidencia.0 - linenr 50000
2018/11/27 09:32:42 - Select values 5.0 - linenr 50000
2018/11/27 09:32:45 - Add id_fact_incidencia.0 - linenr 50000
2018/11/27 09:32:48 - hecho_incidencia.0 - linenr 50000
2018/11/27 09:32:54 - join_perfil_incidencia.0 - linenr 100000
2018/11/27 09:32:57 - Select values 5.0 - linenr 100000
2018/11/27 09:33:00 - Add id_fact_incidencia.0 - linenr 100000
2018/11/27 09:33:04 - hecho_incidencia.0 - linenr 100000
2018/11/27 09:33:10 - join_perfil_incidencia.0 - linenr 150000
2018/11/27 09:33:14 - Select values 5.0 - linenr 150000
2018/11/27 09:33:17 - join_perfil_incidencia.0 - Finished reading query, closing connection.
2018/11/27 09:33:17 - join_perfil_incidencia.0 - Finished processing (I=168912, O=0, R=0, W=168912, U=0, E=0)
2018/11/27 09:33:17 - Add id_fact_incidencia.0 - linenr 150000
2018/11/27 09:33:20 - Select values 5.0 - Finished processing (I=0, O=0, R=168912, W=168912, U=0, E=0)
2018/11/27 09:33:20 - hecho_incidencia.0 - linenr 150000
2018/11/27 09:33:23 - Add id_fact_incidencia.0 - Finished processing (I=0, O=0, R=168912, W=168912, U=0, E=0)
2018/11/27 09:33:25 - hecho_incidencia.0 - Finished processing (I=168912, O=168912, R=168912, W=168912, U=0, E=0)
