2018/11/27 11:19:01 - fact_incidencia - Loading transformation from XML file [file:///C:/Users/usuario/Documents/GitHub/rpcc-dw/transformaciones/fact_incidencias_load.ktr]
2018/11/27 11:19:01 - fact_incidencia - Using run configuration [Pentaho local]
2018/11/27 11:19:01 - fact_incidencia - Using legacy execution engine
2018/11/27 11:19:01 - fact_incidencias_load - Dispatching started for transformation [fact_incidencias_load]
2018/11/27 11:19:09 - join_perfil_incidencia.0 - linenr 50000
2018/11/27 11:19:11 - Select values 5.0 - linenr 50000
2018/11/27 11:19:14 - Add id_fact_incidencia.0 - linenr 50000
2018/11/27 11:19:17 - hecho_incidencia.0 - linenr 50000
2018/11/27 11:19:22 - join_perfil_incidencia.0 - linenr 100000
2018/11/27 11:19:25 - Select values 5.0 - linenr 100000
2018/11/27 11:19:28 - Add id_fact_incidencia.0 - linenr 100000
2018/11/27 11:19:31 - hecho_incidencia.0 - linenr 100000
2018/11/27 11:19:37 - join_perfil_incidencia.0 - linenr 150000
2018/11/27 11:19:40 - Select values 5.0 - linenr 150000
2018/11/27 11:19:43 - join_perfil_incidencia.0 - Finished reading query, closing connection.
2018/11/27 11:19:43 - join_perfil_incidencia.0 - Finished processing (I=168912, O=0, R=0, W=168912, U=0, E=0)
2018/11/27 11:19:43 - Add id_fact_incidencia.0 - linenr 150000
2018/11/27 11:19:46 - Select values 5.0 - Finished processing (I=0, O=0, R=168912, W=168912, U=0, E=0)
2018/11/27 11:19:46 - hecho_incidencia.0 - linenr 150000
2018/11/27 11:19:48 - Add id_fact_incidencia.0 - Finished processing (I=0, O=0, R=168912, W=168912, U=0, E=0)
2018/11/27 11:19:51 - hecho_incidencia.0 - Finished processing (I=168912, O=168912, R=168912, W=168912, U=0, E=0)
