2018/11/27 09:21:11 - dim_localizacion - Loading transformation from XML file [file:///C:/Users/usuario/Documents/GitHub/rpcc-dw/transformaciones/extr_fact_incidencia_dloc.ktr]
2018/11/27 09:21:11 - dim_localizacion - Using run configuration [Pentaho local]
2018/11/27 09:21:11 - dim_localizacion - Using legacy execution engine
2018/11/27 09:21:11 - extr_fact_incidencia_dloc - Dispatching started for transformation [extr_fact_incidencia_dloc]
2018/11/27 09:21:11 - dim localizacion.0 - Finished reading query, closing connection.
2018/11/27 09:21:11 - dim localizacion.0 - Finished processing (I=482, O=0, R=0, W=482, U=0, E=0)
2018/11/27 09:21:11 - sort x loc 2.0 - Finished processing (I=0, O=0, R=482, W=482, U=0, E=0)
2018/11/27 09:21:13 - extr_fact_inci_dfecha.0 - linenr 50000
2018/11/27 09:21:13 - Sort x loc.0 - Linenr 50000
2018/11/27 09:21:14 - extr_fact_inci_dfecha.0 - linenr 100000
2018/11/27 09:21:14 - Sort x loc.0 - Linenr 100000
2018/11/27 09:21:15 - extr_fact_inci_dfecha.0 - linenr 150000
2018/11/27 09:21:15 - Sort x loc.0 - Linenr 150000
2018/11/27 09:21:16 - extr_fact_inci_dfecha.0 - Finished reading query, closing connection.
2018/11/27 09:21:16 - extr_fact_inci_dfecha.0 - Finished processing (I=169313, O=0, R=0, W=169313, U=0, E=0)
2018/11/27 09:21:16 - sort x idunion 2.0 - Linenr 50000
2018/11/27 09:21:16 - sort x idunion 2.0 - Linenr 100000
2018/11/27 09:21:17 - sort x idunion 2.0 - Linenr 150000
2018/11/27 09:21:17 - sort x idunion 2.0 - Linenr 200000
2018/11/27 09:21:17 - sort x idunion 2.0 - Linenr 250000
2018/11/27 09:21:17 - sort x idunion 2.0 - Linenr 300000
2018/11/27 09:21:17 - sort x idunion 2.0 - Linenr 350000
2018/11/27 09:21:17 - sort x idunion 2.0 - Linenr 400000
2018/11/27 09:21:17 - sort x idunion 2.0 - Linenr 450000
2018/11/27 09:21:17 - sort x idunion 2.0 - Linenr 500000
2018/11/27 09:21:17 - sort x idunion 2.0 - Linenr 550000
2018/11/27 09:21:17 - sort x idunion 2.0 - Linenr 600000
2018/11/27 09:21:17 - sort x idunion 2.0 - Linenr 650000
2018/11/27 09:21:17 - sort x idunion 2.0 - Linenr 700000
2018/11/27 09:21:17 - sort x idunion 2.0 - Linenr 750000
2018/11/27 09:21:17 - sort x idunion 2.0 - Linenr 800000
2018/11/27 09:21:18 - sort x idunion 2.0 - Linenr 850000
2018/11/27 09:21:18 - Sort x loc.0 - Finished processing (I=0, O=0, R=169313, W=169313, U=0, E=0)
2018/11/27 09:21:18 - Merge Join 4 2.0 - Finished processing (I=0, O=0, R=169795, W=873292, U=0, E=0)
2018/11/27 09:21:18 - quitar idunion duplicados.0 - Linenr 50000
2018/11/27 09:21:24 - quitar idunion duplicados.0 - Linenr 100000
2018/11/27 09:21:28 - quitar idunion duplicados.0 - Linenr 150000
2018/11/27 09:21:31 - quitar idunion duplicados.0 - Linenr 200000
2018/11/27 09:21:35 - quitar idunion duplicados.0 - Linenr 250000
2018/11/27 09:21:38 - quitar idunion duplicados.0 - Linenr 300000
2018/11/27 09:21:42 - quitar idunion duplicados.0 - Linenr 350000
2018/11/27 09:21:43 - extr_fact_inci_dloc.0 - linenr 50000
2018/11/27 09:21:47 - quitar idunion duplicados.0 - Linenr 400000
2018/11/27 09:21:51 - quitar idunion duplicados.0 - Linenr 450000
2018/11/27 09:21:55 - quitar idunion duplicados.0 - Linenr 500000
2018/11/27 09:22:00 - quitar idunion duplicados.0 - Linenr 550000
2018/11/27 09:22:04 - quitar idunion duplicados.0 - Linenr 600000
2018/11/27 09:22:07 - extr_fact_inci_dloc.0 - linenr 100000
2018/11/27 09:22:09 - quitar idunion duplicados.0 - Linenr 650000
2018/11/27 09:22:14 - quitar idunion duplicados.0 - Linenr 700000
2018/11/27 09:22:20 - quitar idunion duplicados.0 - Linenr 750000
2018/11/27 09:22:25 - quitar idunion duplicados.0 - Linenr 800000
2018/11/27 09:22:33 - quitar idunion duplicados.0 - Linenr 850000
2018/11/27 09:22:35 - extr_fact_inci_dloc.0 - linenr 150000
2018/11/27 09:22:37 - sort x idunion 2.0 - Finished processing (I=0, O=0, R=873292, W=873292, U=0, E=0)
2018/11/27 09:22:40 - quitar idunion duplicados.0 - Finished processing (I=0, O=0, R=873292, W=169313, U=0, E=0)
2018/11/27 09:22:46 - extr_fact_inci_dloc.0 - Finished processing (I=169313, O=0, R=169313, W=169313, U=169313, E=0)
