2018/11/26 22:19:06 - data - Loading transformation from XML file [C:\Users\usuario\Documents\GitHub\rpcc-dw\transformaciones\extr_hecho_incidencia_data.ktr]
2018/11/26 22:19:06 - data - Using run configuration [Pentaho local]
2018/11/26 22:19:06 - data - Using legacy execution engine
2018/11/26 22:19:06 - extr_hecho_incidencia_data - Dispatching started for transformation [extr_hecho_incidencia_data]
2018/11/26 22:19:09 - tabla direcciones.0 - linenr 50000
2018/11/26 22:19:09 - Select values 2.0 - linenr 50000
2018/11/26 22:19:09 - unico x idunion dir.0 - Linenr 50000
2018/11/26 22:19:09 - Sort rows 2.0 - Linenr 50000
2018/11/26 22:19:09 - tabla direcciones.0 - linenr 100000
2018/11/26 22:19:09 - Select values 2.0 - linenr 100000
2018/11/26 22:19:09 - unico x idunion dir.0 - Linenr 100000
2018/11/26 22:19:09 - Sort rows 2.0 - Linenr 100000
2018/11/26 22:19:09 - tabla direcciones.0 - linenr 150000
2018/11/26 22:19:09 - Select values 2.0 - linenr 150000
2018/11/26 22:19:09 - unico x idunion dir.0 - Linenr 150000
2018/11/26 22:19:09 - Sort rows 2.0 - Linenr 150000
2018/11/26 22:19:09 - tabla direcciones.0 - linenr 200000
2018/11/26 22:19:09 - Select values 2.0 - linenr 200000
2018/11/26 22:19:09 - unico x idunion dir.0 - Linenr 200000
2018/11/26 22:19:09 - Sort rows 2.0 - Linenr 200000
2018/11/26 22:19:09 - tabla direcciones.0 - linenr 250000
2018/11/26 22:19:09 - Select values 2.0 - linenr 250000
2018/11/26 22:19:09 - unico x idunion dir.0 - Linenr 250000
2018/11/26 22:19:09 - Sort rows 2.0 - Linenr 250000
2018/11/26 22:19:09 - tabla direcciones.0 - Finished reading query, closing connection.
2018/11/26 22:19:09 - Select values 2.0 - Finished processing (I=0, O=0, R=266342, W=266342, U=0, E=0)
2018/11/26 22:19:09 - unico x idunion dir.0 - Finished processing (I=0, O=0, R=266342, W=266223, U=0, E=0)
2018/11/26 22:19:09 - tabla direcciones.0 - Finished processing (I=266342, O=0, R=0, W=266342, U=0, E=0)
2018/11/26 22:19:09 - tabla recolectores.0 - linenr 50000
2018/11/26 22:19:09 - Select values 3.0 - linenr 50000
2018/11/26 22:19:09 - unico x idunion reco.0 - Linenr 50000
2018/11/26 22:19:09 - Sort rows 4.0 - Linenr 50000
2018/11/26 22:19:10 - tabla ult contacto.0 - linenr 50000
2018/11/26 22:19:10 - Select values 4.0 - linenr 50000
2018/11/26 22:19:10 - unico x idunion ult.0 - Linenr 50000
2018/11/26 22:19:10 - tabla recolectores.0 - linenr 100000
2018/11/26 22:19:10 - Sort rows 6.0 - Linenr 50000
2018/11/26 22:19:10 - tabla ult contacto.0 - linenr 100000
2018/11/26 22:19:10 - Select values 3.0 - linenr 100000
2018/11/26 22:19:10 - unico x idunion reco.0 - Linenr 100000
2018/11/26 22:19:10 - Select values 4.0 - linenr 100000
2018/11/26 22:19:10 - unico x idunion ult.0 - Linenr 100000
2018/11/26 22:19:10 - Sort rows 4.0 - Linenr 100000
2018/11/26 22:19:10 - tabla ult contacto.0 - linenr 150000
2018/11/26 22:19:10 - Sort rows 6.0 - Linenr 100000
2018/11/26 22:19:10 - Select values 4.0 - linenr 150000
2018/11/26 22:19:10 - unico x idunion ult.0 - Linenr 150000
2018/11/26 22:19:10 - tabla ult contacto.0 - linenr 200000
2018/11/26 22:19:10 - Select values 4.0 - linenr 200000
2018/11/26 22:19:10 - unico x idunion ult.0 - Linenr 200000
2018/11/26 22:19:10 - tabla recolectores.0 - linenr 150000
2018/11/26 22:19:10 - tabla ult contacto.0 - linenr 250000
2018/11/26 22:19:10 - Select values 3.0 - linenr 150000
2018/11/26 22:19:10 - unico x idunion reco.0 - Linenr 150000
2018/11/26 22:19:10 - Select values 4.0 - linenr 250000
2018/11/26 22:19:10 - unico x idunion ult.0 - Linenr 250000
2018/11/26 22:19:10 - Sort rows 6.0 - Linenr 150000
2018/11/26 22:19:10 - tabla ult contacto.0 - linenr 300000
2018/11/26 22:19:10 - Select values 4.0 - linenr 300000
2018/11/26 22:19:10 - unico x idunion ult.0 - Linenr 300000
2018/11/26 22:19:10 - Sort rows 4.0 - Linenr 150000
2018/11/26 22:19:10 - tabla ult contacto.0 - linenr 350000
2018/11/26 22:19:10 - Select values 4.0 - linenr 350000
2018/11/26 22:19:10 - unico x idunion ult.0 - Linenr 350000
2018/11/26 22:19:10 - Sort rows 6.0 - Linenr 200000
2018/11/26 22:19:10 - tabla recolectores.0 - linenr 200000
2018/11/26 22:19:10 - tabla ult contacto.0 - Finished reading query, closing connection.
2018/11/26 22:19:10 - tabla ult contacto.0 - Finished processing (I=392447, O=0, R=0, W=392447, U=0, E=0)
2018/11/26 22:19:10 - Select values 4.0 - Finished processing (I=0, O=0, R=392447, W=392447, U=0, E=0)
2018/11/26 22:19:10 - Select values 3.0 - linenr 200000
2018/11/26 22:19:10 - unico x idunion ult.0 - Finished processing (I=0, O=0, R=392447, W=225158, U=0, E=0)
2018/11/26 22:19:10 - unico x idunion reco.0 - Linenr 200000
2018/11/26 22:19:10 - tabla recolectores.0 - linenr 250000
2018/11/26 22:19:10 - Select values 3.0 - linenr 250000
2018/11/26 22:19:10 - unico x idunion reco.0 - Linenr 250000
2018/11/26 22:19:10 - Sort rows 4.0 - Linenr 200000
2018/11/26 22:19:11 - tabla recolectores.0 - linenr 300000
2018/11/26 22:19:11 - Select values 3.0 - linenr 300000
2018/11/26 22:19:11 - unico x idunion reco.0 - Linenr 300000
2018/11/26 22:19:11 - tabla recolectores.0 - linenr 350000
2018/11/26 22:19:11 - Select values 3.0 - linenr 350000
2018/11/26 22:19:11 - unico x idunion reco.0 - Linenr 350000
2018/11/26 22:19:11 - Sort rows 4.0 - Linenr 250000
2018/11/26 22:19:11 - tabla recolectores.0 - Finished reading query, closing connection.
2018/11/26 22:19:11 - Select values 3.0 - Finished processing (I=0, O=0, R=390828, W=390828, U=0, E=0)
2018/11/26 22:19:11 - tabla recolectores.0 - Finished processing (I=390828, O=0, R=0, W=390828, U=0, E=0)
2018/11/26 22:19:11 - unico x idunion reco.0 - Finished processing (I=0, O=0, R=390828, W=273780, U=0, E=0)
2018/11/26 22:19:14 - tabla tumores.0 - linenr 50000
2018/11/26 22:19:14 - Select values.0 - linenr 50000
2018/11/26 22:19:14 - unico x idunion tum.0 - Linenr 50000
2018/11/26 22:19:14 - Sort rows.0 - Linenr 50000
2018/11/26 22:19:16 - tabla tumores.0 - linenr 100000
2018/11/26 22:19:16 - Select values.0 - linenr 100000
2018/11/26 22:19:16 - unico x idunion tum.0 - Linenr 100000
2018/11/26 22:19:16 - Sort rows.0 - Linenr 100000
2018/11/26 22:19:17 - tabla tumores.0 - linenr 150000
2018/11/26 22:19:18 - tabla tumores.0 - Finished reading query, closing connection.
2018/11/26 22:19:18 - Select values.0 - linenr 150000
2018/11/26 22:19:18 - unico x idunion tum.0 - Linenr 150000
2018/11/26 22:19:18 - Sort rows.0 - Linenr 150000
2018/11/26 22:19:19 - tabla tumores.0 - Finished processing (I=185701, O=0, R=0, W=185701, U=0, E=0)
2018/11/26 22:19:19 - clean obs.0 - Finished processing (I=0, O=0, R=185701, W=185701, U=0, E=0)
2018/11/26 22:19:19 - clean desc loc.0 - Finished processing (I=0, O=0, R=185701, W=185701, U=0, E=0)
2018/11/26 22:19:19 - clean desc mor.0 - Finished processing (I=0, O=0, R=185701, W=185701, U=0, E=0)
2018/11/26 22:19:20 - remove special char.0 - Finished processing (I=0, O=0, R=185701, W=185701, U=0, E=0)
2018/11/26 22:19:20 - Select values.0 - Finished processing (I=0, O=0, R=185701, W=185701, U=0, E=0)
2018/11/26 22:19:20 - unico x idunion tum.0 - Finished processing (I=0, O=0, R=185701, W=185691, U=0, E=0)
2018/11/26 22:19:20 - Merge Join.0 - linenr 50000
2018/11/26 22:19:20 - Merge Join.0 - linenr 100000
2018/11/26 22:19:20 - Merge Join.0 - linenr 150000
2018/11/26 22:19:20 - Sort rows 3.0 - Linenr 50000
2018/11/26 22:19:20 - Merge Join.0 - linenr 200000
2018/11/26 22:19:20 - Sort rows 3.0 - Linenr 100000
2018/11/26 22:19:20 - Sort rows 3.0 - Linenr 150000
2018/11/26 22:19:20 - Sort rows 2.0 - Finished processing (I=0, O=0, R=266223, W=266223, U=0, E=0)
2018/11/26 22:19:20 - Sort rows.0 - Finished processing (I=0, O=0, R=185691, W=185691, U=0, E=0)
2018/11/26 22:19:20 - Merge Join.0 - linenr 450000
2018/11/26 22:19:20 - Merge Join.0 - Finished processing (I=0, O=0, R=451914, W=184881, U=0, E=0)
2018/11/26 22:19:21 - Merge Join 2.0 - linenr 50000
2018/11/26 22:19:21 - Merge Join 2.0 - linenr 150000
2018/11/26 22:19:21 - Sort rows 5.0 - Linenr 50000
2018/11/26 22:19:21 - Sort rows 5.0 - Linenr 100000
2018/11/26 22:19:21 - Sort rows 5.0 - Linenr 150000
2018/11/26 22:19:21 - Sort rows 3.0 - Finished processing (I=0, O=0, R=184881, W=184881, U=0, E=0)
2018/11/26 22:19:21 - Sort rows 4.0 - Finished processing (I=0, O=0, R=273780, W=273780, U=0, E=0)
2018/11/26 22:19:21 - Merge Join 2.0 - linenr 450000
2018/11/26 22:19:21 - Merge Join 2.0 - Finished processing (I=0, O=0, R=458661, W=184853, U=0, E=0)
2018/11/26 22:19:21 - Merge Join 3.0 - linenr 100000
2018/11/26 22:19:21 - Merge Join 3.0 - linenr 150000
2018/11/26 22:19:21 - Sort rows 7.0 - Linenr 50000
2018/11/26 22:19:22 - Merge Join 3.0 - linenr 200000
2018/11/26 22:19:22 - Merge Join 3.0 - linenr 250000
2018/11/26 22:19:22 - Sort rows 7.0 - Linenr 100000
2018/11/26 22:19:22 - Merge Join 3.0 - linenr 300000
2018/11/26 22:19:22 - Sort rows 7.0 - Linenr 150000
2018/11/26 22:19:22 - Sort rows 6.0 - Finished processing (I=0, O=0, R=225158, W=225158, U=0, E=0)
2018/11/26 22:19:22 - Sort rows 5.0 - Finished processing (I=0, O=0, R=184853, W=184853, U=0, E=0)
2018/11/26 22:19:22 - Merge Join 3.0 - linenr 400000
2018/11/26 22:19:22 - Merge Join 3.0 - Finished processing (I=0, O=0, R=410011, W=169323, U=0, E=0)
2018/11/26 22:19:23 - data bd.0 - linenr 50000
2018/11/26 22:19:27 - si noreg es null.0 - Linenr 50000
2018/11/26 22:19:36 - map noreg integer.0 - linenr 50000
2018/11/26 22:19:43 - extr_fact__inci_data.0 - linenr 50000
2018/11/26 22:19:43 - data bd.0 - linenr 100000
2018/11/26 22:19:46 - si noreg es null.0 - Linenr 100000
2018/11/26 22:19:53 - map noreg integer.0 - linenr 100000
2018/11/26 22:20:00 - extr_fact__inci_data.0 - linenr 100000
2018/11/26 22:20:00 - data bd.0 - linenr 150000
2018/11/26 22:20:03 - Sort rows 7.0 - Finished processing (I=0, O=0, R=169323, W=169323, U=0, E=0)
2018/11/26 22:20:03 - si noreg es null.0 - Linenr 150000
2018/11/26 22:20:07 - data bd.0 - Finished processing (I=0, O=0, R=169323, W=169323, U=0, E=0)
2018/11/26 22:20:11 - si noreg es null.0 - Finished processing (I=0, O=0, R=169323, W=169323, U=0, E=0)
2018/11/26 22:20:11 - map noreg integer.0 - linenr 150000
2018/11/26 22:20:16 - limpiar nulos.0 - Finished processing (I=0, O=0, R=169323, W=169323, U=0, E=0)
2018/11/26 22:20:20 - map noreg integer.0 - Finished processing (I=0, O=0, R=169323, W=169323, U=0, E=0)
2018/11/26 22:20:20 - extr_fact__inci_data.0 - linenr 150000
2018/11/26 22:20:25 - Get fecha sistema.0 - Finished processing (I=0, O=0, R=169323, W=169323, U=0, E=0)
2018/11/26 22:20:29 - extr_fact__inci_data.0 - Finished processing (I=169323, O=169323, R=169323, W=169323, U=0, E=0)
