2018/11/27 09:30:28 - dim_perfil - Loading transformation from XML file [file:///C:/Users/usuario/Documents/GitHub/rpcc-dw/transformaciones/extr_fact_incidencia_dperfil.ktr]
2018/11/27 09:30:28 - dim_perfil - Using run configuration [Pentaho local]
2018/11/27 09:30:28 - dim_perfil - Using legacy execution engine
2018/11/27 09:30:28 - extr_fact_incidencia_dperfil - Dispatching started for transformation [extr_fact_incidencia_dperfil]
2018/11/27 09:30:30 - extr_fact_inci_dentidad.0 - linenr 50000
2018/11/27 09:30:30 - sort x idunion.0 - Linenr 50000
2018/11/27 09:30:31 - extr_fact_inci_dentidad.0 - linenr 100000
2018/11/27 09:30:32 - sort x idunion.0 - Linenr 100000
2018/11/27 09:30:35 - extr_fact_inci_dentidad.0 - linenr 150000
2018/11/27 09:30:35 - sort x idunion.0 - Linenr 150000
2018/11/27 09:30:35 - extr_fact_inci_dentidad.0 - Finished reading query, closing connection.
2018/11/27 09:30:35 - extr_fact_inci_dentidad.0 - Finished processing (I=169313, O=0, R=0, W=169313, U=0, E=0)
2018/11/27 09:30:35 - modificar_fec_nacim.0 - Optimization level set to 9.
2018/11/27 09:31:02 - modificar_fec_nacim.0 - linenr 50000
2018/11/27 09:31:08 - tabla extr_fact_inci_dperfil.0 - linenr 50000
2018/11/27 09:31:34 - modificar_fec_nacim.0 - linenr 100000
2018/11/27 09:31:40 - tabla extr_fact_inci_dperfil.0 - linenr 100000
2018/11/27 09:32:04 - sort x idunion.0 - Finished processing (I=0, O=0, R=169313, W=169313, U=0, E=0)
2018/11/27 09:32:05 - modificar_fec_nacim.0 - linenr 150000
2018/11/27 09:32:11 - edad_rango.0 - Finished processing (I=0, O=0, R=169313, W=169313, U=0, E=0)
2018/11/27 09:32:11 - tabla extr_fact_inci_dperfil.0 - linenr 150000
2018/11/27 09:32:17 - modificar_fec_nacim.0 - Finished processing (I=0, O=0, R=169313, W=169313, U=0, E=0)
2018/11/27 09:32:23 - tabla extr_fact_inci_dperfil.0 - Finished processing (I=169313, O=0, R=169313, W=169313, U=169313, E=0)
