2018/11/27 11:10:09 - dim_localizacion - Loading transformation from XML file [file:///C:/Users/usuario/Documents/GitHub/rpcc-dw/transformaciones/extr_fact_incidencia_dloc.ktr]
2018/11/27 11:10:09 - dim_localizacion - Using run configuration [Pentaho local]
2018/11/27 11:10:09 - dim_localizacion - Using legacy execution engine
2018/11/27 11:10:09 - extr_fact_incidencia_dloc - Dispatching started for transformation [extr_fact_incidencia_dloc]
2018/11/27 11:10:09 - dim localizacion.0 - Finished reading query, closing connection.
2018/11/27 11:10:09 - dim localizacion.0 - Finished processing (I=482, O=0, R=0, W=482, U=0, E=0)
2018/11/27 11:10:09 - sort x loc 2.0 - Finished processing (I=0, O=0, R=482, W=482, U=0, E=0)
2018/11/27 11:10:10 - extr_fact_inci_dfecha.0 - linenr 50000
2018/11/27 11:10:11 - Sort x loc.0 - Linenr 50000
2018/11/27 11:10:11 - extr_fact_inci_dfecha.0 - linenr 100000
2018/11/27 11:10:12 - Sort x loc.0 - Linenr 100000
2018/11/27 11:10:13 - extr_fact_inci_dfecha.0 - linenr 150000
2018/11/27 11:10:13 - Sort x loc.0 - Linenr 150000
2018/11/27 11:10:13 - extr_fact_inci_dfecha.0 - Finished reading query, closing connection.
2018/11/27 11:10:13 - extr_fact_inci_dfecha.0 - Finished processing (I=169313, O=0, R=0, W=169313, U=0, E=0)
2018/11/27 11:10:13 - sort x idunion 2.0 - Linenr 50000
2018/11/27 11:10:13 - sort x idunion 2.0 - Linenr 100000
2018/11/27 11:10:13 - sort x idunion 2.0 - Linenr 150000
2018/11/27 11:10:13 - sort x idunion 2.0 - Linenr 200000
2018/11/27 11:10:13 - sort x idunion 2.0 - Linenr 250000
2018/11/27 11:10:13 - sort x idunion 2.0 - Linenr 300000
2018/11/27 11:10:13 - sort x idunion 2.0 - Linenr 350000
2018/11/27 11:10:14 - sort x idunion 2.0 - Linenr 400000
2018/11/27 11:10:14 - sort x idunion 2.0 - Linenr 450000
2018/11/27 11:10:14 - sort x idunion 2.0 - Linenr 500000
2018/11/27 11:10:14 - sort x idunion 2.0 - Linenr 550000
2018/11/27 11:10:14 - sort x idunion 2.0 - Linenr 600000
2018/11/27 11:10:14 - sort x idunion 2.0 - Linenr 650000
2018/11/27 11:10:14 - sort x idunion 2.0 - Linenr 700000
2018/11/27 11:10:14 - sort x idunion 2.0 - Linenr 750000
2018/11/27 11:10:14 - sort x idunion 2.0 - Linenr 800000
2018/11/27 11:10:14 - sort x idunion 2.0 - Linenr 850000
2018/11/27 11:10:14 - Sort x loc.0 - Finished processing (I=0, O=0, R=169313, W=169313, U=0, E=0)
2018/11/27 11:10:14 - Merge Join 4 2.0 - Finished processing (I=0, O=0, R=169795, W=873292, U=0, E=0)
2018/11/27 11:10:15 - quitar idunion duplicados.0 - Linenr 50000
2018/11/27 11:10:19 - quitar idunion duplicados.0 - Linenr 100000
2018/11/27 11:10:25 - quitar idunion duplicados.0 - Linenr 150000
2018/11/27 11:10:30 - quitar idunion duplicados.0 - Linenr 200000
2018/11/27 11:10:33 - quitar idunion duplicados.0 - Linenr 250000
2018/11/27 11:10:36 - quitar idunion duplicados.0 - Linenr 300000
2018/11/27 11:10:39 - quitar idunion duplicados.0 - Linenr 350000
2018/11/27 11:10:40 - extr_fact_inci_dloc.0 - linenr 50000
2018/11/27 11:10:42 - quitar idunion duplicados.0 - Linenr 400000
2018/11/27 11:10:46 - quitar idunion duplicados.0 - Linenr 450000
2018/11/27 11:10:51 - quitar idunion duplicados.0 - Linenr 500000
2018/11/27 11:10:57 - quitar idunion duplicados.0 - Linenr 550000
2018/11/27 11:11:02 - quitar idunion duplicados.0 - Linenr 600000
2018/11/27 11:11:05 - extr_fact_inci_dloc.0 - linenr 100000
2018/11/27 11:11:07 - quitar idunion duplicados.0 - Linenr 650000
2018/11/27 11:11:12 - quitar idunion duplicados.0 - Linenr 700000
2018/11/27 11:11:18 - quitar idunion duplicados.0 - Linenr 750000
2018/11/27 11:11:23 - quitar idunion duplicados.0 - Linenr 800000
2018/11/27 11:11:31 - quitar idunion duplicados.0 - Linenr 850000
2018/11/27 11:11:32 - extr_fact_inci_dloc.0 - linenr 150000
2018/11/27 11:11:34 - sort x idunion 2.0 - Finished processing (I=0, O=0, R=873292, W=873292, U=0, E=0)
2018/11/27 11:11:38 - quitar idunion duplicados.0 - Finished processing (I=0, O=0, R=873292, W=169313, U=0, E=0)
2018/11/27 11:11:46 - extr_fact_inci_dloc.0 - Finished processing (I=169313, O=169313, R=169313, W=169313, U=0, E=0)
