2018/11/27 09:15:50 - data - Loading transformation from XML file [C:\Users\usuario\Documents\GitHub\rpcc-dw\transformaciones\extr_hecho_incidencia_data.ktr]
2018/11/27 09:15:50 - data - Using run configuration [Pentaho local]
2018/11/27 09:15:50 - data - Using legacy execution engine
2018/11/27 09:15:50 - extr_hecho_incidencia_data - Dispatching started for transformation [extr_hecho_incidencia_data]
2018/11/27 09:15:55 - tabla recolectores.0 - linenr 50000
2018/11/27 09:15:56 - Select values 3.0 - linenr 50000
2018/11/27 09:15:56 - unico x idunion reco.0 - Linenr 50000
2018/11/27 09:15:56 - Sort rows 4.0 - Linenr 50000
2018/11/27 09:15:56 - tabla recolectores.0 - linenr 100000
2018/11/27 09:15:56 - Select values 3.0 - linenr 100000
2018/11/27 09:15:56 - unico x idunion reco.0 - Linenr 100000
2018/11/27 09:15:56 - Sort rows 4.0 - Linenr 100000
2018/11/27 09:15:56 - tabla recolectores.0 - linenr 150000
2018/11/27 09:15:56 - Select values 3.0 - linenr 150000
2018/11/27 09:15:56 - unico x idunion reco.0 - Linenr 150000
2018/11/27 09:15:56 - Sort rows 4.0 - Linenr 150000
2018/11/27 09:15:56 - tabla recolectores.0 - linenr 200000
2018/11/27 09:15:56 - Select values 3.0 - linenr 200000
2018/11/27 09:15:56 - unico x idunion reco.0 - Linenr 200000
2018/11/27 09:15:57 - tabla recolectores.0 - linenr 250000
2018/11/27 09:15:57 - Select values 3.0 - linenr 250000
2018/11/27 09:15:57 - unico x idunion reco.0 - Linenr 250000
2018/11/27 09:15:57 - Sort rows 4.0 - Linenr 200000
2018/11/27 09:15:57 - tabla recolectores.0 - linenr 300000
2018/11/27 09:15:57 - Select values 3.0 - linenr 300000
2018/11/27 09:15:57 - unico x idunion reco.0 - Linenr 300000
2018/11/27 09:15:57 - tabla recolectores.0 - linenr 350000
2018/11/27 09:15:57 - Select values 3.0 - linenr 350000
2018/11/27 09:15:57 - unico x idunion reco.0 - Linenr 350000
2018/11/27 09:15:57 - Sort rows 4.0 - Linenr 250000
2018/11/27 09:15:57 - tabla recolectores.0 - Finished reading query, closing connection.
2018/11/27 09:15:57 - Select values 3.0 - Finished processing (I=0, O=0, R=390828, W=390828, U=0, E=0)
2018/11/27 09:15:57 - tabla recolectores.0 - Finished processing (I=390828, O=0, R=0, W=390828, U=0, E=0)
2018/11/27 09:15:57 - unico x idunion reco.0 - Finished processing (I=0, O=0, R=390828, W=273780, U=0, E=0)
2018/11/27 09:15:58 - tabla direcciones.0 - linenr 50000
2018/11/27 09:15:58 - Select values 2.0 - linenr 50000
2018/11/27 09:15:58 - unico x idunion dir.0 - Linenr 50000
2018/11/27 09:15:58 - Sort rows 2.0 - Linenr 50000
2018/11/27 09:15:58 - tabla direcciones.0 - linenr 100000
2018/11/27 09:15:58 - Select values 2.0 - linenr 100000
2018/11/27 09:15:58 - unico x idunion dir.0 - Linenr 100000
2018/11/27 09:15:58 - Sort rows 2.0 - Linenr 100000
2018/11/27 09:15:58 - tabla direcciones.0 - linenr 150000
2018/11/27 09:15:58 - Select values 2.0 - linenr 150000
2018/11/27 09:15:58 - unico x idunion dir.0 - Linenr 150000
2018/11/27 09:15:58 - Sort rows 2.0 - Linenr 150000
2018/11/27 09:15:59 - tabla direcciones.0 - linenr 200000
2018/11/27 09:15:59 - Select values 2.0 - linenr 200000
2018/11/27 09:15:59 - unico x idunion dir.0 - Linenr 200000
2018/11/27 09:15:59 - Sort rows 2.0 - Linenr 200000
2018/11/27 09:15:59 - tabla ult contacto.0 - linenr 50000
2018/11/27 09:15:59 - Select values 4.0 - linenr 50000
2018/11/27 09:15:59 - unico x idunion ult.0 - Linenr 50000
2018/11/27 09:15:59 - tabla direcciones.0 - linenr 250000
2018/11/27 09:15:59 - Sort rows 6.0 - Linenr 50000
2018/11/27 09:15:59 - tabla ult contacto.0 - linenr 100000
2018/11/27 09:15:59 - Select values 2.0 - linenr 250000
2018/11/27 09:15:59 - unico x idunion dir.0 - Linenr 250000
2018/11/27 09:15:59 - Sort rows 2.0 - Linenr 250000
2018/11/27 09:15:59 - Select values 4.0 - linenr 100000
2018/11/27 09:15:59 - unico x idunion ult.0 - Linenr 100000
2018/11/27 09:15:59 - tabla direcciones.0 - Finished reading query, closing connection.
2018/11/27 09:15:59 - Select values 2.0 - Finished processing (I=0, O=0, R=266342, W=266342, U=0, E=0)
2018/11/27 09:15:59 - tabla direcciones.0 - Finished processing (I=266342, O=0, R=0, W=266342, U=0, E=0)
2018/11/27 09:15:59 - unico x idunion dir.0 - Finished processing (I=0, O=0, R=266342, W=266223, U=0, E=0)
2018/11/27 09:15:59 - Sort rows 6.0 - Linenr 100000
2018/11/27 09:15:59 - tabla ult contacto.0 - linenr 150000
2018/11/27 09:15:59 - Select values 4.0 - linenr 150000
2018/11/27 09:15:59 - unico x idunion ult.0 - Linenr 150000
2018/11/27 09:15:59 - tabla ult contacto.0 - linenr 200000
2018/11/27 09:15:59 - Select values 4.0 - linenr 200000
2018/11/27 09:15:59 - unico x idunion ult.0 - Linenr 200000
2018/11/27 09:15:59 - tabla ult contacto.0 - linenr 250000
2018/11/27 09:15:59 - Select values 4.0 - linenr 250000
2018/11/27 09:15:59 - unico x idunion ult.0 - Linenr 250000
2018/11/27 09:15:59 - Sort rows 6.0 - Linenr 150000
2018/11/27 09:15:59 - tabla ult contacto.0 - linenr 300000
2018/11/27 09:15:59 - Select values 4.0 - linenr 300000
2018/11/27 09:15:59 - unico x idunion ult.0 - Linenr 300000
2018/11/27 09:15:59 - tabla ult contacto.0 - linenr 350000
2018/11/27 09:15:59 - Select values 4.0 - linenr 350000
2018/11/27 09:15:59 - unico x idunion ult.0 - Linenr 350000
2018/11/27 09:15:59 - Sort rows 6.0 - Linenr 200000
2018/11/27 09:15:59 - tabla ult contacto.0 - Finished reading query, closing connection.
2018/11/27 09:15:59 - Select values 4.0 - Finished processing (I=0, O=0, R=392447, W=392447, U=0, E=0)
2018/11/27 09:15:59 - tabla ult contacto.0 - Finished processing (I=392447, O=0, R=0, W=392447, U=0, E=0)
2018/11/27 09:15:59 - unico x idunion ult.0 - Finished processing (I=0, O=0, R=392447, W=225158, U=0, E=0)
2018/11/27 09:16:49 - tabla tumores.0 - linenr 50000
2018/11/27 09:16:49 - Select values.0 - linenr 50000
2018/11/27 09:16:49 - unico x idunion tum.0 - Linenr 50000
2018/11/27 09:16:49 - Sort rows.0 - Linenr 50000
2018/11/27 09:16:50 - tabla tumores.0 - linenr 100000
2018/11/27 09:16:50 - Select values.0 - linenr 100000
2018/11/27 09:16:50 - unico x idunion tum.0 - Linenr 100000
2018/11/27 09:16:50 - Sort rows.0 - Linenr 100000
2018/11/27 09:16:53 - tabla tumores.0 - linenr 150000
2018/11/27 09:16:53 - Select values.0 - linenr 150000
2018/11/27 09:16:53 - unico x idunion tum.0 - Linenr 150000
2018/11/27 09:16:53 - Sort rows.0 - Linenr 150000
2018/11/27 09:16:54 - tabla tumores.0 - Finished reading query, closing connection.
2018/11/27 09:16:54 - tabla tumores.0 - Finished processing (I=185701, O=0, R=0, W=185701, U=0, E=0)
2018/11/27 09:16:54 - clean obs.0 - Finished processing (I=0, O=0, R=185701, W=185701, U=0, E=0)
2018/11/27 09:16:54 - clean desc loc.0 - Finished processing (I=0, O=0, R=185701, W=185701, U=0, E=0)
2018/11/27 09:16:54 - clean desc mor.0 - Finished processing (I=0, O=0, R=185701, W=185701, U=0, E=0)
2018/11/27 09:16:54 - remove special char.0 - Finished processing (I=0, O=0, R=185701, W=185701, U=0, E=0)
2018/11/27 09:16:54 - Select values.0 - Finished processing (I=0, O=0, R=185701, W=185701, U=0, E=0)
2018/11/27 09:16:54 - unico x idunion tum.0 - Finished processing (I=0, O=0, R=185701, W=185691, U=0, E=0)
2018/11/27 09:16:55 - Merge Join.0 - linenr 50000
2018/11/27 09:16:55 - Merge Join.0 - linenr 100000
2018/11/27 09:16:55 - Merge Join.0 - linenr 150000
2018/11/27 09:16:55 - Sort rows 3.0 - Linenr 50000
2018/11/27 09:16:55 - Merge Join.0 - linenr 200000
2018/11/27 09:16:55 - Sort rows 3.0 - Linenr 100000
2018/11/27 09:16:55 - Sort rows 3.0 - Linenr 150000
2018/11/27 09:16:55 - Sort rows.0 - Finished processing (I=0, O=0, R=185691, W=185691, U=0, E=0)
2018/11/27 09:16:55 - Sort rows 2.0 - Finished processing (I=0, O=0, R=266223, W=266223, U=0, E=0)
2018/11/27 09:16:55 - Merge Join.0 - linenr 450000
2018/11/27 09:16:55 - Merge Join.0 - Finished processing (I=0, O=0, R=451914, W=184881, U=0, E=0)
2018/11/27 09:16:55 - Merge Join 2.0 - linenr 50000
2018/11/27 09:16:55 - Merge Join 2.0 - linenr 150000
2018/11/27 09:16:55 - Sort rows 5.0 - Linenr 50000
2018/11/27 09:16:56 - Sort rows 5.0 - Linenr 100000
2018/11/27 09:16:56 - Sort rows 5.0 - Linenr 150000
2018/11/27 09:16:56 - Sort rows 4.0 - Finished processing (I=0, O=0, R=273780, W=273780, U=0, E=0)
2018/11/27 09:16:56 - Sort rows 3.0 - Finished processing (I=0, O=0, R=184881, W=184881, U=0, E=0)
2018/11/27 09:16:56 - Merge Join 2.0 - linenr 450000
2018/11/27 09:16:56 - Merge Join 2.0 - Finished processing (I=0, O=0, R=458661, W=184853, U=0, E=0)
2018/11/27 09:16:56 - Merge Join 3.0 - linenr 100000
2018/11/27 09:16:56 - Merge Join 3.0 - linenr 150000
2018/11/27 09:16:56 - Sort rows 7.0 - Linenr 50000
2018/11/27 09:16:56 - Merge Join 3.0 - linenr 200000
2018/11/27 09:16:56 - Merge Join 3.0 - linenr 250000
2018/11/27 09:16:56 - Sort rows 7.0 - Linenr 100000
2018/11/27 09:16:56 - Merge Join 3.0 - linenr 300000
2018/11/27 09:16:57 - Sort rows 7.0 - Linenr 150000
2018/11/27 09:16:57 - Sort rows 5.0 - Finished processing (I=0, O=0, R=184853, W=184853, U=0, E=0)
2018/11/27 09:16:57 - Sort rows 6.0 - Finished processing (I=0, O=0, R=225158, W=225158, U=0, E=0)
2018/11/27 09:16:57 - Merge Join 3.0 - linenr 400000
2018/11/27 09:16:57 - Merge Join 3.0 - Finished processing (I=0, O=0, R=410011, W=169323, U=0, E=0)
2018/11/27 09:16:58 - data bd.0 - linenr 50000
2018/11/27 09:17:04 - si noreg es null.0 - Linenr 50000
2018/11/27 09:17:18 - map noreg integer.0 - linenr 50000
2018/11/27 09:17:33 - extr_fact__inci_data.0 - linenr 50000
2018/11/27 09:17:33 - data bd.0 - linenr 100000
2018/11/27 09:17:39 - si noreg es null.0 - Linenr 100000
2018/11/27 09:17:53 - map noreg integer.0 - linenr 100000
2018/11/27 09:18:08 - extr_fact__inci_data.0 - linenr 100000
2018/11/27 09:18:08 - data bd.0 - linenr 150000
2018/11/27 09:18:19 - Sort rows 7.0 - Finished processing (I=0, O=0, R=169323, W=169323, U=0, E=0)
2018/11/27 09:18:19 - si noreg es null.0 - Linenr 150000
2018/11/27 09:18:32 - data bd.0 - Finished processing (I=0, O=0, R=169323, W=169323, U=0, E=0)
2018/11/27 09:18:45 - si noreg es null.0 - Finished processing (I=0, O=0, R=169323, W=169323, U=0, E=0)
2018/11/27 09:18:46 - map noreg integer.0 - linenr 150000
2018/11/27 09:18:54 - limpiar nulos.0 - Finished processing (I=0, O=0, R=169323, W=169323, U=0, E=0)
2018/11/27 09:19:02 - map noreg integer.0 - Finished processing (I=0, O=0, R=169323, W=169323, U=0, E=0)
2018/11/27 09:19:02 - extr_fact__inci_data.0 - linenr 150000
2018/11/27 09:19:08 - Get fecha sistema.0 - Finished processing (I=0, O=0, R=169323, W=169323, U=0, E=0)
2018/11/27 09:19:13 - extr_fact__inci_data.0 - Finished processing (I=169323, O=0, R=169323, W=169323, U=169323, E=0)
